mode: set
github.com/jptosso/coraza-waf/pkg/operators/nids/cl.go:11.42,13.16 2 1
github.com/jptosso/coraza-waf/pkg/operators/nids/cl.go:16.2,24.28 8 1
github.com/jptosso/coraza-waf/pkg/operators/nids/cl.go:33.2,33.39 1 1
github.com/jptosso/coraza-waf/pkg/operators/nids/cl.go:40.2,40.18 1 1
github.com/jptosso/coraza-waf/pkg/operators/nids/cl.go:13.16,15.3 1 0
github.com/jptosso/coraza-waf/pkg/operators/nids/cl.go:24.28,26.18 2 1
github.com/jptosso/coraza-waf/pkg/operators/nids/cl.go:26.18,28.4 1 1
github.com/jptosso/coraza-waf/pkg/operators/nids/cl.go:28.9,30.4 1 1
github.com/jptosso/coraza-waf/pkg/operators/nids/cl.go:33.39,35.3 1 0
github.com/jptosso/coraza-waf/pkg/operators/nids/cl.go:35.8,35.22 1 1
github.com/jptosso/coraza-waf/pkg/operators/nids/cl.go:35.22,37.3 1 1
github.com/jptosso/coraza-waf/pkg/operators/nids/cl.go:37.8,39.3 1 1
github.com/jptosso/coraza-waf/pkg/transformations/base64decode.go:6.38,8.15 2 1
github.com/jptosso/coraza-waf/pkg/transformations/base64decode.go:11.2,11.22 1 1
github.com/jptosso/coraza-waf/pkg/transformations/base64decode.go:8.15,10.3 1 0
github.com/jptosso/coraza-waf/pkg/transformations/html_entity_decode.go:6.42,8.2 1 0
github.com/jptosso/coraza-waf/pkg/transformations/lowercase.go:6.35,8.2 1 0
github.com/jptosso/coraza-waf/pkg/transformations/none.go:5.30,7.2 1 0
github.com/jptosso/coraza-waf/pkg/transformations/normalise_path.go:6.39,8.2 1 0
github.com/jptosso/coraza-waf/pkg/transformations/url_encode.go:6.35,8.2 1 0
github.com/jptosso/coraza-waf/pkg/transformations/compress_whitespace.go:6.44,9.2 2 0
github.com/jptosso/coraza-waf/pkg/transformations/css_decode.go:6.35,9.2 1 0
github.com/jptosso/coraza-waf/pkg/transformations/hex_encode.go:6.35,10.2 2 0
github.com/jptosso/coraza-waf/pkg/transformations/normalise_path_win.go:7.43,12.2 1 0
github.com/jptosso/coraza-waf/pkg/transformations/normalise_path_win.go:21.32,25.16 4 0
github.com/jptosso/coraza-waf/pkg/transformations/normalise_path_win.go:32.2,42.12 5 0
github.com/jptosso/coraza-waf/pkg/transformations/normalise_path_win.go:47.2,47.12 1 0
github.com/jptosso/coraza-waf/pkg/transformations/normalise_path_win.go:88.2,88.16 1 0
github.com/jptosso/coraza-waf/pkg/transformations/normalise_path_win.go:92.2,92.41 1 0
github.com/jptosso/coraza-waf/pkg/transformations/normalise_path_win.go:25.16,26.43 1 0
github.com/jptosso/coraza-waf/pkg/transformations/normalise_path_win.go:30.3,30.28 1 0
github.com/jptosso/coraza-waf/pkg/transformations/normalise_path_win.go:26.43,29.4 1 0
github.com/jptosso/coraza-waf/pkg/transformations/normalise_path_win.go:42.12,45.3 2 0
github.com/jptosso/coraza-waf/pkg/transformations/normalise_path_win.go:47.12,48.10 1 0
github.com/jptosso/coraza-waf/pkg/transformations/normalise_path_win.go:49.33,51.7 1 0
github.com/jptosso/coraza-waf/pkg/transformations/normalise_path_win.go:52.67,54.7 1 0
github.com/jptosso/coraza-waf/pkg/transformations/normalise_path_win.go:55.87,58.11 2 0
github.com/jptosso/coraza-waf/pkg/transformations/normalise_path_win.go:74.11,77.53 1 0
github.com/jptosso/coraza-waf/pkg/transformations/normalise_path_win.go:81.4,81.50 1 0
github.com/jptosso/coraza-waf/pkg/transformations/normalise_path_win.go:59.24,62.62 2 0
github.com/jptosso/coraza-waf/pkg/transformations/normalise_path_win.go:65.17,67.18 1 0
github.com/jptosso/coraza-waf/pkg/transformations/normalise_path_win.go:70.5,72.19 3 0
github.com/jptosso/coraza-waf/pkg/transformations/normalise_path_win.go:62.62,64.6 1 0
github.com/jptosso/coraza-waf/pkg/transformations/normalise_path_win.go:67.18,69.6 1 0
github.com/jptosso/coraza-waf/pkg/transformations/normalise_path_win.go:77.53,79.5 1 0
github.com/jptosso/coraza-waf/pkg/transformations/normalise_path_win.go:81.50,83.5 1 0
github.com/jptosso/coraza-waf/pkg/transformations/normalise_path_win.go:88.16,90.3 1 0
github.com/jptosso/coraza-waf/pkg/transformations/normalise_path_win.go:95.36,97.2 1 0
github.com/jptosso/coraza-waf/pkg/transformations/normalise_path_win.go:99.37,100.19 1 0
github.com/jptosso/coraza-waf/pkg/transformations/normalise_path_win.go:104.2,105.70 2 0
github.com/jptosso/coraza-waf/pkg/transformations/normalise_path_win.go:109.2,110.39 1 0
github.com/jptosso/coraza-waf/pkg/transformations/normalise_path_win.go:132.2,132.10 1 0
github.com/jptosso/coraza-waf/pkg/transformations/normalise_path_win.go:100.19,102.3 1 0
github.com/jptosso/coraza-waf/pkg/transformations/normalise_path_win.go:105.70,107.3 1 0
github.com/jptosso/coraza-waf/pkg/transformations/normalise_path_win.go:110.39,112.28 1 0
github.com/jptosso/coraza-waf/pkg/transformations/normalise_path_win.go:112.28,114.24 1 0
github.com/jptosso/coraza-waf/pkg/transformations/normalise_path_win.go:114.24,117.26 2 0
github.com/jptosso/coraza-waf/pkg/transformations/normalise_path_win.go:128.5,128.10 1 0
github.com/jptosso/coraza-waf/pkg/transformations/normalise_path_win.go:117.26,118.24 1 0
github.com/jptosso/coraza-waf/pkg/transformations/normalise_path_win.go:121.6,121.23 1 0
github.com/jptosso/coraza-waf/pkg/transformations/normalise_path_win.go:126.6,126.14 1 0
github.com/jptosso/coraza-waf/pkg/transformations/normalise_path_win.go:118.24,119.12 1 0
github.com/jptosso/coraza-waf/pkg/transformations/normalise_path_win.go:121.23,122.27 1 0
github.com/jptosso/coraza-waf/pkg/transformations/normalise_path_win.go:122.27,123.13 1 0
github.com/jptosso/coraza-waf/pkg/transformations/normalise_path_win.go:135.28,137.2 1 0
github.com/jptosso/coraza-waf/pkg/transformations/normalise_path_win.go:147.37,148.18 1 0
github.com/jptosso/coraza-waf/pkg/transformations/normalise_path_win.go:151.2,151.18 1 0
github.com/jptosso/coraza-waf/pkg/transformations/normalise_path_win.go:148.18,150.3 1 0
github.com/jptosso/coraza-waf/pkg/transformations/normalise_path_win.go:154.34,155.18 1 0
github.com/jptosso/coraza-waf/pkg/transformations/normalise_path_win.go:163.2,164.7 2 0
github.com/jptosso/coraza-waf/pkg/transformations/normalise_path_win.go:155.18,156.44 1 0
github.com/jptosso/coraza-waf/pkg/transformations/normalise_path_win.go:160.3,161.28 2 0
github.com/jptosso/coraza-waf/pkg/transformations/normalise_path_win.go:156.44,159.4 2 0
github.com/jptosso/coraza-waf/pkg/transformations/normalise_path_win.go:167.35,168.18 1 0
github.com/jptosso/coraza-waf/pkg/transformations/normalise_path_win.go:171.2,171.54 1 0
github.com/jptosso/coraza-waf/pkg/transformations/normalise_path_win.go:168.18,170.3 1 0
github.com/jptosso/coraza-waf/pkg/transformations/replace_comments.go:6.41,10.2 3 0
github.com/jptosso/coraza-waf/pkg/transformations/url_decode_uni.go:8.39,11.2 1 0
github.com/jptosso/coraza-waf/pkg/transformations/url_decode_uni.go:13.49,15.58 2 0
github.com/jptosso/coraza-waf/pkg/transformations/url_decode_uni.go:15.58,17.17 2 0
github.com/jptosso/coraza-waf/pkg/transformations/url_decode_uni.go:20.3,20.11 1 0
github.com/jptosso/coraza-waf/pkg/transformations/url_decode_uni.go:17.17,18.14 1 0
github.com/jptosso/coraza-waf/pkg/transformations/utf8_to_unicode.go:9.39,11.16 2 0
github.com/jptosso/coraza-waf/pkg/transformations/utf8_to_unicode.go:16.2,17.25 2 0
github.com/jptosso/coraza-waf/pkg/transformations/utf8_to_unicode.go:20.2,20.12 1 0
github.com/jptosso/coraza-waf/pkg/transformations/utf8_to_unicode.go:11.16,15.3 1 0
github.com/jptosso/coraza-waf/pkg/transformations/utf8_to_unicode.go:17.25,19.3 1 0
github.com/jptosso/coraza-waf/pkg/transformations/utf8_to_unicode.go:23.33,24.13 1 0
github.com/jptosso/coraza-waf/pkg/transformations/utf8_to_unicode.go:24.13,26.3 1 0
github.com/jptosso/coraza-waf/pkg/transformations/utf8_to_unicode.go:26.8,28.3 1 0
github.com/jptosso/coraza-waf/pkg/transformations/cmd_line.go:20.33,23.23 3 0
github.com/jptosso/coraza-waf/pkg/transformations/cmd_line.go:66.2,66.13 1 0
github.com/jptosso/coraza-waf/pkg/transformations/cmd_line.go:23.23,24.20 1 0
github.com/jptosso/coraza-waf/pkg/transformations/cmd_line.go:26.22,26.22 0 0
github.com/jptosso/coraza-waf/pkg/transformations/cmd_line.go:27.23,27.23 0 0
github.com/jptosso/coraza-waf/pkg/transformations/cmd_line.go:28.23,28.23 0 0
github.com/jptosso/coraza-waf/pkg/transformations/cmd_line.go:29.22,30.22 1 0
github.com/jptosso/coraza-waf/pkg/transformations/cmd_line.go:33.22,33.22 0 0
github.com/jptosso/coraza-waf/pkg/transformations/cmd_line.go:34.22,34.22 0 0
github.com/jptosso/coraza-waf/pkg/transformations/cmd_line.go:35.22,35.22 0 0
github.com/jptosso/coraza-waf/pkg/transformations/cmd_line.go:36.23,36.23 0 0
github.com/jptosso/coraza-waf/pkg/transformations/cmd_line.go:37.23,37.23 0 0
github.com/jptosso/coraza-waf/pkg/transformations/cmd_line.go:38.23,39.33 1 0
github.com/jptosso/coraza-waf/pkg/transformations/cmd_line.go:44.17,44.22 1 0
github.com/jptosso/coraza-waf/pkg/transformations/cmd_line.go:47.22,47.22 0 0
github.com/jptosso/coraza-waf/pkg/transformations/cmd_line.go:48.22,49.33 1 0
github.com/jptosso/coraza-waf/pkg/transformations/cmd_line.go:53.17,56.22 3 0
github.com/jptosso/coraza-waf/pkg/transformations/cmd_line.go:59.22,63.22 4 0
github.com/jptosso/coraza-waf/pkg/transformations/cmd_line.go:39.33,43.18 2 0
github.com/jptosso/coraza-waf/pkg/transformations/cmd_line.go:49.33,52.18 1 0
github.com/jptosso/coraza-waf/pkg/transformations/js_decode.go:6.34,9.2 1 0
github.com/jptosso/coraza-waf/pkg/transformations/length.go:6.32,8.2 1 0
github.com/jptosso/coraza-waf/pkg/transformations/remove_nulls.go:6.37,9.2 2 0
github.com/jptosso/coraza-waf/pkg/transformations/remove_whitespace.go:6.42,9.2 2 0
github.com/jptosso/coraza-waf/pkg/transformations/replace_nulls.go:6.38,9.2 2 0
github.com/jptosso/coraza-waf/pkg/transformations/sha1.go:8.30,12.2 3 0
github.com/jptosso/coraza-waf/pkg/transformations/transformations.go:3.50,28.2 1 0
github.com/jptosso/coraza-waf/pkg/transformations/url_decode.go:7.36,9.16 2 0
github.com/jptosso/coraza-waf/pkg/transformations/url_decode.go:12.2,12.14 1 0
github.com/jptosso/coraza-waf/pkg/transformations/url_decode.go:9.16,11.3 1 0
github.com/jptosso/coraza-waf/pkg/utils/libinjection.go:15.46,18.103 3 0
github.com/jptosso/coraza-waf/pkg/utils/libinjection.go:22.2,22.18 1 0
github.com/jptosso/coraza-waf/pkg/utils/libinjection.go:18.103,21.3 2 0
github.com/jptosso/coraza-waf/pkg/utils/libinjection.go:25.31,26.85 1 0
github.com/jptosso/coraza-waf/pkg/utils/libinjection.go:29.2,29.14 1 0
github.com/jptosso/coraza-waf/pkg/utils/libinjection.go:26.85,28.3 1 0
github.com/jptosso/coraza-waf/pkg/utils/local_collection.go:18.38,22.2 3 0
github.com/jptosso/coraza-waf/pkg/utils/local_collection.go:24.34,28.2 3 0
github.com/jptosso/coraza-waf/pkg/utils/local_collection.go:30.54,32.2 1 0
github.com/jptosso/coraza-waf/pkg/utils/local_collection.go:35.51,37.18 1 0
github.com/jptosso/coraza-waf/pkg/utils/local_collection.go:48.2,48.18 1 0
github.com/jptosso/coraza-waf/pkg/utils/local_collection.go:37.18,40.24 2 0
github.com/jptosso/coraza-waf/pkg/utils/local_collection.go:46.3,46.14 1 0
github.com/jptosso/coraza-waf/pkg/utils/local_collection.go:40.24,41.31 1 0
github.com/jptosso/coraza-waf/pkg/utils/local_collection.go:41.31,44.5 1 0
github.com/jptosso/coraza-waf/pkg/utils/local_collection.go:48.18,53.25 5 0
github.com/jptosso/coraza-waf/pkg/utils/local_collection.go:61.3,61.16 1 0
github.com/jptosso/coraza-waf/pkg/utils/local_collection.go:53.25,55.21 2 0
github.com/jptosso/coraza-waf/pkg/utils/local_collection.go:55.21,56.35 1 0
github.com/jptosso/coraza-waf/pkg/utils/local_collection.go:56.35,58.9 1 0
github.com/jptosso/coraza-waf/pkg/utils/local_collection.go:62.7,64.3 1 0
github.com/jptosso/coraza-waf/pkg/utils/local_collection.go:68.86,70.18 1 0
github.com/jptosso/coraza-waf/pkg/utils/local_collection.go:86.2,86.18 1 0
github.com/jptosso/coraza-waf/pkg/utils/local_collection.go:70.18,73.24 2 0
github.com/jptosso/coraza-waf/pkg/utils/local_collection.go:83.3,83.14 1 0
github.com/jptosso/coraza-waf/pkg/utils/local_collection.go:73.24,74.35 1 0
github.com/jptosso/coraza-waf/pkg/utils/local_collection.go:78.4,78.31 1 0
github.com/jptosso/coraza-waf/pkg/utils/local_collection.go:74.35,76.13 2 0
github.com/jptosso/coraza-waf/pkg/utils/local_collection.go:78.31,81.5 1 0
github.com/jptosso/coraza-waf/pkg/utils/local_collection.go:86.18,91.25 5 0
github.com/jptosso/coraza-waf/pkg/utils/local_collection.go:103.3,103.16 1 0
github.com/jptosso/coraza-waf/pkg/utils/local_collection.go:91.25,92.35 1 0
github.com/jptosso/coraza-waf/pkg/utils/local_collection.go:96.7,97.21 2 0
github.com/jptosso/coraza-waf/pkg/utils/local_collection.go:92.35,94.13 2 0
github.com/jptosso/coraza-waf/pkg/utils/local_collection.go:97.21,98.35 1 0
github.com/jptosso/coraza-waf/pkg/utils/local_collection.go:98.35,100.9 1 0
github.com/jptosso/coraza-waf/pkg/utils/local_collection.go:104.7,107.24 2 0
github.com/jptosso/coraza-waf/pkg/utils/local_collection.go:118.3,118.13 1 0
github.com/jptosso/coraza-waf/pkg/utils/local_collection.go:107.24,108.35 1 0
github.com/jptosso/coraza-waf/pkg/utils/local_collection.go:112.4,112.15 1 0
github.com/jptosso/coraza-waf/pkg/utils/local_collection.go:108.35,110.13 2 0
github.com/jptosso/coraza-waf/pkg/utils/local_collection.go:112.15,113.33 1 0
github.com/jptosso/coraza-waf/pkg/utils/local_collection.go:113.33,115.6 1 0
github.com/jptosso/coraza-waf/pkg/utils/local_collection.go:122.50,124.15 2 0
github.com/jptosso/coraza-waf/pkg/utils/local_collection.go:124.15,126.3 1 0
github.com/jptosso/coraza-waf/pkg/utils/local_collection.go:126.7,128.3 1 0
github.com/jptosso/coraza-waf/pkg/utils/local_collection.go:131.48,133.15 2 0
github.com/jptosso/coraza-waf/pkg/utils/local_collection.go:133.15,136.3 2 0
github.com/jptosso/coraza-waf/pkg/utils/local_collection.go:136.7,138.3 1 0
github.com/jptosso/coraza-waf/pkg/utils/local_collection.go:141.44,143.15 2 0
github.com/jptosso/coraza-waf/pkg/utils/local_collection.go:143.15,146.3 2 0
github.com/jptosso/coraza-waf/pkg/utils/local_collection.go:146.7,148.3 1 0
github.com/jptosso/coraza-waf/pkg/utils/local_collection.go:151.44,153.26 2 0
github.com/jptosso/coraza-waf/pkg/utils/local_collection.go:156.2,156.10 1 0
github.com/jptosso/coraza-waf/pkg/utils/local_collection.go:153.26,155.3 1 0
github.com/jptosso/coraza-waf/pkg/utils/local_collection.go:159.59,163.2 3 0
github.com/jptosso/coraza-waf/pkg/utils/local_collection.go:165.62,169.2 3 0
github.com/jptosso/coraza-waf/pkg/utils/local_collection.go:172.59,174.2 1 0
github.com/jptosso/coraza-waf/pkg/utils/local_collection.go:176.60,177.13 1 0
github.com/jptosso/coraza-waf/pkg/utils/local_collection.go:180.2,180.24 1 0
github.com/jptosso/coraza-waf/pkg/utils/local_collection.go:177.13,179.3 1 0
github.com/jptosso/coraza-waf/pkg/utils/local_collection.go:180.24,184.3 3 0
github.com/jptosso/coraza-waf/pkg/utils/local_collection.go:187.62,189.2 1 0
github.com/jptosso/coraza-waf/pkg/utils/local_collection.go:191.46,193.2 1 0
github.com/jptosso/coraza-waf/pkg/utils/local_collection.go:195.46,197.2 0 0
github.com/jptosso/coraza-waf/pkg/utils/local_collection.go:199.57,201.2 1 0
github.com/jptosso/coraza-waf/pkg/utils/persistent_collection.go:33.86,38.16 5 0
github.com/jptosso/coraza-waf/pkg/utils/persistent_collection.go:38.16,40.3 1 0
github.com/jptosso/coraza-waf/pkg/utils/persistent_collection.go:43.94,46.40 3 0
github.com/jptosso/coraza-waf/pkg/utils/persistent_collection.go:49.2,60.3 5 0
github.com/jptosso/coraza-waf/pkg/utils/persistent_collection.go:46.40,48.3 1 0
github.com/jptosso/coraza-waf/pkg/utils/persistent_collection.go:63.84,76.2 5 0
github.com/jptosso/coraza-waf/pkg/utils/persistent_collection.go:79.46,83.16 4 0
github.com/jptosso/coraza-waf/pkg/utils/persistent_collection.go:86.2,86.12 1 0
github.com/jptosso/coraza-waf/pkg/utils/persistent_collection.go:83.16,85.3 1 0
github.com/jptosso/coraza-waf/pkg/utils/persistent_collection.go:89.54,92.15 3 0
github.com/jptosso/coraza-waf/pkg/utils/persistent_collection.go:97.2,97.36 1 0
github.com/jptosso/coraza-waf/pkg/utils/persistent_collection.go:101.2,101.10 1 0
github.com/jptosso/coraza-waf/pkg/utils/persistent_collection.go:92.15,95.3 1 0
github.com/jptosso/coraza-waf/pkg/utils/persistent_collection.go:97.36,100.3 2 0
github.com/jptosso/coraza-waf/pkg/utils/persistent_collection.go:104.51,108.2 3 0
github.com/jptosso/coraza-waf/pkg/utils/persistent_collection.go:110.60,113.2 2 0
github.com/jptosso/coraza-waf/pkg/utils/persistent_collection.go:115.67,117.33 2 0
github.com/jptosso/coraza-waf/pkg/utils/persistent_collection.go:120.2,123.12 4 0
github.com/jptosso/coraza-waf/pkg/utils/persistent_collection.go:117.33,119.3 1 0
github.com/jptosso/coraza-waf/pkg/utils/persistent_collection.go:126.39,127.14 1 0
github.com/jptosso/coraza-waf/pkg/utils/persistent_collection.go:134.2,135.15 2 0
github.com/jptosso/coraza-waf/pkg/utils/persistent_collection.go:138.2,139.12 2 0
github.com/jptosso/coraza-waf/pkg/utils/persistent_collection.go:127.14,133.3 5 0
github.com/jptosso/coraza-waf/pkg/utils/persistent_collection.go:135.15,137.3 1 0
github.com/jptosso/coraza-waf/pkg/utils/utils.go:16.37,23.19 6 0
github.com/jptosso/coraza-waf/pkg/utils/utils.go:27.5,27.29 1 0
github.com/jptosso/coraza-waf/pkg/utils/utils.go:30.2,30.22 1 0
github.com/jptosso/coraza-waf/pkg/utils/utils.go:23.20,25.6 0 0
github.com/jptosso/coraza-waf/pkg/utils/utils.go:27.29,29.6 1 0
github.com/jptosso/coraza-waf/pkg/utils/utils.go:33.44,35.22 2 0
github.com/jptosso/coraza-waf/pkg/utils/utils.go:41.5,41.17 1 0
github.com/jptosso/coraza-waf/pkg/utils/utils.go:35.22,36.19 1 0
github.com/jptosso/coraza-waf/pkg/utils/utils.go:39.9,39.12 1 0
github.com/jptosso/coraza-waf/pkg/utils/utils.go:36.19,38.10 1 0
github.com/jptosso/coraza-waf/pkg/utils/utils.go:44.36,45.15 1 0
github.com/jptosso/coraza-waf/pkg/utils/utils.go:48.2,49.35 2 0
github.com/jptosso/coraza-waf/pkg/utils/utils.go:45.15,47.6 1 0
github.com/jptosso/coraza-waf/pkg/utils/utils.go:52.50,53.28 1 0
github.com/jptosso/coraza-waf/pkg/utils/utils.go:58.5,58.17 1 0
github.com/jptosso/coraza-waf/pkg/utils/utils.go:53.28,54.19 1 0
github.com/jptosso/coraza-waf/pkg/utils/utils.go:54.19,56.10 1 0
github.com/jptosso/coraza-waf/pkg/utils/utils.go:61.53,62.26 1 0
github.com/jptosso/coraza-waf/pkg/utils/utils.go:67.5,67.17 1 0
github.com/jptosso/coraza-waf/pkg/utils/utils.go:62.26,63.23 1 0
github.com/jptosso/coraza-waf/pkg/utils/utils.go:63.23,65.10 1 0
github.com/jptosso/coraza-waf/pkg/utils/utils.go:87.60,92.2 4 0
github.com/jptosso/coraza-waf/pkg/utils/utils.go:94.63,96.25 2 0
github.com/jptosso/coraza-waf/pkg/utils/utils.go:105.5,105.14 1 0
github.com/jptosso/coraza-waf/pkg/utils/utils.go:96.25,98.15 2 0
github.com/jptosso/coraza-waf/pkg/utils/utils.go:98.15,100.10 1 0
github.com/jptosso/coraza-waf/pkg/utils/utils.go:100.15,102.10 1 0
github.com/jptosso/coraza-waf/pkg/utils/utils.go:108.43,110.43 2 0
github.com/jptosso/coraza-waf/pkg/utils/utils.go:128.5,128.20 1 0
github.com/jptosso/coraza-waf/pkg/utils/utils.go:110.43,116.23 4 0
github.com/jptosso/coraza-waf/pkg/utils/utils.go:119.9,120.42 2 0
github.com/jptosso/coraza-waf/pkg/utils/utils.go:116.23,118.10 1 0
github.com/jptosso/coraza-waf/pkg/utils/utils.go:121.10,124.22 3 0
github.com/jptosso/coraza-waf/pkg/utils/utils.go:124.22,126.10 1 0
github.com/jptosso/coraza-waf/pkg/utils/utils.go:131.36,133.2 1 0
github.com/jptosso/coraza-waf/pkg/engine/waf.go:92.22,96.16 3 0
github.com/jptosso/coraza-waf/pkg/engine/waf.go:96.16,98.3 1 0
github.com/jptosso/coraza-waf/pkg/engine/waf.go:101.75,109.19 3 0
github.com/jptosso/coraza-waf/pkg/engine/waf.go:112.5,112.15 1 0
github.com/jptosso/coraza-waf/pkg/engine/waf.go:109.19,111.6 1 0
github.com/jptosso/coraza-waf/pkg/engine/waf.go:115.43,118.18 3 0
github.com/jptosso/coraza-waf/pkg/engine/waf.go:121.5,121.15 1 0
github.com/jptosso/coraza-waf/pkg/engine/waf.go:118.18,120.6 1 0
github.com/jptosso/coraza-waf/pkg/engine/waf.go:124.63,126.2 1 0
github.com/jptosso/coraza-waf/pkg/engine/waf.go:128.27,129.42 1 0
github.com/jptosso/coraza-waf/pkg/engine/waf.go:129.42,131.3 1 0
github.com/jptosso/coraza-waf/pkg/engine/waf.go:134.41,136.2 1 0
github.com/jptosso/coraza-waf/pkg/engine/waf.go:138.38,140.2 0 0
github.com/jptosso/coraza-waf/pkg/engine/waf.go:142.49,144.2 1 0
github.com/jptosso/coraza-waf/pkg/engine/waf.go:146.49,148.2 1 0
github.com/jptosso/coraza-waf/pkg/engine/waf.go:150.44,154.2 3 0
github.com/jptosso/coraza-waf/pkg/engine/auditlog.go:82.43,118.36 6 0
github.com/jptosso/coraza-waf/pkg/engine/auditlog.go:118.36,141.3 2 0
github.com/jptosso/coraza-waf/pkg/engine/auditlog.go:144.36,147.2 2 0
github.com/jptosso/coraza-waf/pkg/engine/rule.go:73.23,78.2 4 0
github.com/jptosso/coraza-waf/pkg/engine/rule.go:81.50,84.14 2 0
github.com/jptosso/coraza-waf/pkg/engine/rule.go:88.2,89.47 2 0
github.com/jptosso/coraza-waf/pkg/engine/rule.go:96.2,97.15 2 0
github.com/jptosso/coraza-waf/pkg/engine/rule.go:104.2,104.32 1 0
github.com/jptosso/coraza-waf/pkg/engine/rule.go:195.2,195.28 1 0
github.com/jptosso/coraza-waf/pkg/engine/rule.go:200.2,202.38 2 0
github.com/jptosso/coraza-waf/pkg/engine/rule.go:220.2,220.20 1 0
github.com/jptosso/coraza-waf/pkg/engine/rule.go:229.2,229.22 1 0
github.com/jptosso/coraza-waf/pkg/engine/rule.go:84.14,86.3 1 0
github.com/jptosso/coraza-waf/pkg/engine/rule.go:89.47,90.38 1 0
github.com/jptosso/coraza-waf/pkg/engine/rule.go:90.38,91.28 1 0
github.com/jptosso/coraza-waf/pkg/engine/rule.go:91.28,93.5 1 0
github.com/jptosso/coraza-waf/pkg/engine/rule.go:97.15,99.26 2 0
github.com/jptosso/coraza-waf/pkg/engine/rule.go:99.26,101.4 1 0
github.com/jptosso/coraza-waf/pkg/engine/rule.go:104.32,113.33 3 0
github.com/jptosso/coraza-waf/pkg/engine/rule.go:125.3,125.32 1 0
github.com/jptosso/coraza-waf/pkg/engine/rule.go:132.3,132.13 1 0
github.com/jptosso/coraza-waf/pkg/engine/rule.go:113.33,114.30 1 0
github.com/jptosso/coraza-waf/pkg/engine/rule.go:117.4,117.19 1 0
github.com/jptosso/coraza-waf/pkg/engine/rule.go:120.4,120.33 1 0
github.com/jptosso/coraza-waf/pkg/engine/rule.go:114.30,115.13 1 0
github.com/jptosso/coraza-waf/pkg/engine/rule.go:117.19,119.5 1 0
github.com/jptosso/coraza-waf/pkg/engine/rule.go:125.32,127.4 1 0
github.com/jptosso/coraza-waf/pkg/engine/rule.go:127.8,130.4 1 0
github.com/jptosso/coraza-waf/pkg/engine/rule.go:132.13,136.27 3 0
github.com/jptosso/coraza-waf/pkg/engine/rule.go:139.4,139.34 1 0
github.com/jptosso/coraza-waf/pkg/engine/rule.go:136.27,138.5 1 0
github.com/jptosso/coraza-waf/pkg/engine/rule.go:139.34,140.32 1 0
github.com/jptosso/coraza-waf/pkg/engine/rule.go:147.5,147.93 1 0
github.com/jptosso/coraza-waf/pkg/engine/rule.go:140.32,141.36 1 0
github.com/jptosso/coraza-waf/pkg/engine/rule.go:145.6,145.23 1 0
github.com/jptosso/coraza-waf/pkg/engine/rule.go:141.36,143.15 1 0
github.com/jptosso/coraza-waf/pkg/engine/rule.go:149.8,150.23 1 0
github.com/jptosso/coraza-waf/pkg/engine/rule.go:163.4,163.31 1 0
github.com/jptosso/coraza-waf/pkg/engine/rule.go:150.23,151.34 1 0
github.com/jptosso/coraza-waf/pkg/engine/rule.go:161.5,161.13 1 0
github.com/jptosso/coraza-waf/pkg/engine/rule.go:151.34,152.33 1 0
github.com/jptosso/coraza-waf/pkg/engine/rule.go:159.6,159.93 1 0
github.com/jptosso/coraza-waf/pkg/engine/rule.go:152.33,153.37 1 0
github.com/jptosso/coraza-waf/pkg/engine/rule.go:157.7,157.24 1 0
github.com/jptosso/coraza-waf/pkg/engine/rule.go:153.37,155.16 1 0
github.com/jptosso/coraza-waf/pkg/engine/rule.go:163.31,165.20 2 0
github.com/jptosso/coraza-waf/pkg/engine/rule.go:170.5,170.30 1 0
github.com/jptosso/coraza-waf/pkg/engine/rule.go:165.20,167.6 1 0
github.com/jptosso/coraza-waf/pkg/engine/rule.go:167.10,169.6 1 0
github.com/jptosso/coraza-waf/pkg/engine/rule.go:170.30,171.36 1 0
github.com/jptosso/coraza-waf/pkg/engine/rule.go:171.36,174.34 2 0
github.com/jptosso/coraza-waf/pkg/engine/rule.go:182.7,182.28 1 0
github.com/jptosso/coraza-waf/pkg/engine/rule.go:187.7,188.49 2 0
github.com/jptosso/coraza-waf/pkg/engine/rule.go:174.34,175.38 1 0
github.com/jptosso/coraza-waf/pkg/engine/rule.go:179.8,179.25 1 0
github.com/jptosso/coraza-waf/pkg/engine/rule.go:175.38,177.17 1 0
github.com/jptosso/coraza-waf/pkg/engine/rule.go:182.28,184.8 1 0
github.com/jptosso/coraza-waf/pkg/engine/rule.go:184.12,186.8 1 0
github.com/jptosso/coraza-waf/pkg/engine/rule.go:195.28,198.3 1 0
github.com/jptosso/coraza-waf/pkg/engine/rule.go:202.38,206.16 3 0
github.com/jptosso/coraza-waf/pkg/engine/rule.go:217.3,217.39 1 0
github.com/jptosso/coraza-waf/pkg/engine/rule.go:206.16,208.18 2 0
github.com/jptosso/coraza-waf/pkg/engine/rule.go:212.4,215.17 2 0
github.com/jptosso/coraza-waf/pkg/engine/rule.go:208.18,211.5 1 0
github.com/jptosso/coraza-waf/pkg/engine/rule.go:220.20,223.30 2 0
github.com/jptosso/coraza-waf/pkg/engine/rule.go:223.30,224.34 1 0
github.com/jptosso/coraza-waf/pkg/engine/rule.go:224.34,226.5 1 0
github.com/jptosso/coraza-waf/pkg/engine/rule.go:232.67,233.34 1 0
github.com/jptosso/coraza-waf/pkg/engine/rule.go:238.5,240.40 2 0
github.com/jptosso/coraza-waf/pkg/engine/rule.go:243.5,243.41 1 0
github.com/jptosso/coraza-waf/pkg/engine/rule.go:246.2,246.15 1 0
github.com/jptosso/coraza-waf/pkg/engine/rule.go:233.34,236.3 2 0
github.com/jptosso/coraza-waf/pkg/engine/rule.go:240.40,242.6 1 0
github.com/jptosso/coraza-waf/pkg/engine/rule.go:243.41,245.6 1 0
github.com/jptosso/coraza-waf/pkg/engine/rule.go:249.71,252.38 2 0
github.com/jptosso/coraza-waf/pkg/engine/rule.go:260.2,260.12 1 0
github.com/jptosso/coraza-waf/pkg/engine/rule.go:252.38,259.3 6 0
github.com/jptosso/coraza-waf/pkg/engine/rule.go:263.59,265.38 1 0
github.com/jptosso/coraza-waf/pkg/engine/rule.go:273.2,273.14 1 0
github.com/jptosso/coraza-waf/pkg/engine/rule.go:265.38,271.3 5 0
github.com/jptosso/coraza-waf/pkg/engine/rule.go:276.87,279.2 2 0
github.com/jptosso/coraza-waf/pkg/engine/rule.go:281.64,282.41 1 0
github.com/jptosso/coraza-waf/pkg/engine/rule.go:282.41,284.3 1 0
github.com/jptosso/coraza-waf/pkg/engine/rule.go:284.7,286.3 1 0
github.com/jptosso/coraza-waf/pkg/engine/transaction.go:81.58,82.18 1 0
github.com/jptosso/coraza-waf/pkg/engine/transaction.go:86.5,88.31 3 0
github.com/jptosso/coraza-waf/pkg/engine/transaction.go:108.5,108.16 1 0
github.com/jptosso/coraza-waf/pkg/engine/transaction.go:82.18,84.6 1 0
github.com/jptosso/coraza-waf/pkg/engine/transaction.go:88.31,93.30 5 0
github.com/jptosso/coraza-waf/pkg/engine/transaction.go:96.9,97.29 2 0
github.com/jptosso/coraza-waf/pkg/engine/transaction.go:100.9,101.31 2 0
github.com/jptosso/coraza-waf/pkg/engine/transaction.go:93.30,95.10 1 0
github.com/jptosso/coraza-waf/pkg/engine/transaction.go:97.29,99.10 1 0
github.com/jptosso/coraza-waf/pkg/engine/transaction.go:101.31,103.10 1 0
github.com/jptosso/coraza-waf/pkg/engine/transaction.go:103.14,105.10 1 0
github.com/jptosso/coraza-waf/pkg/engine/transaction.go:114.71,118.30 4 0
github.com/jptosso/coraza-waf/pkg/engine/transaction.go:125.5,125.72 1 0
github.com/jptosso/coraza-waf/pkg/engine/transaction.go:128.5,128.70 1 0
github.com/jptosso/coraza-waf/pkg/engine/transaction.go:118.30,119.20 1 0
github.com/jptosso/coraza-waf/pkg/engine/transaction.go:122.9,122.64 1 0
github.com/jptosso/coraza-waf/pkg/engine/transaction.go:119.20,120.21 1 0
github.com/jptosso/coraza-waf/pkg/engine/transaction.go:125.72,127.6 1 0
github.com/jptosso/coraza-waf/pkg/engine/transaction.go:128.70,131.6 1 0
github.com/jptosso/coraza-waf/pkg/engine/transaction.go:135.61,140.27 5 0
github.com/jptosso/coraza-waf/pkg/engine/transaction.go:140.27,141.20 1 0
github.com/jptosso/coraza-waf/pkg/engine/transaction.go:144.9,145.53 2 0
github.com/jptosso/coraza-waf/pkg/engine/transaction.go:141.20,142.21 1 0
github.com/jptosso/coraza-waf/pkg/engine/transaction.go:150.62,155.27 5 0
github.com/jptosso/coraza-waf/pkg/engine/transaction.go:155.27,156.20 1 0
github.com/jptosso/coraza-waf/pkg/engine/transaction.go:159.9,160.53 2 0
github.com/jptosso/coraza-waf/pkg/engine/transaction.go:156.20,157.21 1 0
github.com/jptosso/coraza-waf/pkg/engine/transaction.go:164.49,168.2 3 0
github.com/jptosso/coraza-waf/pkg/engine/transaction.go:171.75,175.39 4 0
github.com/jptosso/coraza-waf/pkg/engine/transaction.go:183.5,183.85 1 0
github.com/jptosso/coraza-waf/pkg/engine/transaction.go:175.39,177.40 2 0
github.com/jptosso/coraza-waf/pkg/engine/transaction.go:177.40,181.10 3 0
github.com/jptosso/coraza-waf/pkg/engine/transaction.go:187.41,191.61 4 0
github.com/jptosso/coraza-waf/pkg/engine/transaction.go:199.5,203.62 2 0
github.com/jptosso/coraza-waf/pkg/engine/transaction.go:191.61,192.20 1 0
github.com/jptosso/coraza-waf/pkg/engine/transaction.go:195.9,195.29 1 0
github.com/jptosso/coraza-waf/pkg/engine/transaction.go:192.20,193.21 1 0
github.com/jptosso/coraza-waf/pkg/engine/transaction.go:195.29,197.10 1 0
github.com/jptosso/coraza-waf/pkg/engine/transaction.go:208.67,214.2 5 0
github.com/jptosso/coraza-waf/pkg/engine/transaction.go:216.61,220.2 3 0
github.com/jptosso/coraza-waf/pkg/engine/transaction.go:222.51,226.2 3 0
github.com/jptosso/coraza-waf/pkg/engine/transaction.go:230.66,233.61 3 0
github.com/jptosso/coraza-waf/pkg/engine/transaction.go:236.5,238.58 3 0
github.com/jptosso/coraza-waf/pkg/engine/transaction.go:233.61,235.6 1 0
github.com/jptosso/coraza-waf/pkg/engine/transaction.go:242.66,245.30 3 0
github.com/jptosso/coraza-waf/pkg/engine/transaction.go:245.30,248.6 2 0
github.com/jptosso/coraza-waf/pkg/engine/transaction.go:252.67,255.63 3 0
github.com/jptosso/coraza-waf/pkg/engine/transaction.go:258.5,260.59 3 0
github.com/jptosso/coraza-waf/pkg/engine/transaction.go:255.63,257.6 1 0
github.com/jptosso/coraza-waf/pkg/engine/transaction.go:264.72,268.30 4 0
github.com/jptosso/coraza-waf/pkg/engine/transaction.go:268.30,269.20 1 0
github.com/jptosso/coraza-waf/pkg/engine/transaction.go:272.9,272.65 1 0
github.com/jptosso/coraza-waf/pkg/engine/transaction.go:269.20,270.21 1 0
github.com/jptosso/coraza-waf/pkg/engine/transaction.go:277.54,283.2 4 0
github.com/jptosso/coraza-waf/pkg/engine/transaction.go:286.42,292.20 6 0
github.com/jptosso/coraza-waf/pkg/engine/transaction.go:295.5,299.63 5 0
github.com/jptosso/coraza-waf/pkg/engine/transaction.go:292.20,294.6 1 0
github.com/jptosso/coraza-waf/pkg/engine/transaction.go:303.90,310.2 5 0
github.com/jptosso/coraza-waf/pkg/engine/transaction.go:313.44,317.18 4 0
github.com/jptosso/coraza-waf/pkg/engine/transaction.go:320.5,320.56 1 0
github.com/jptosso/coraza-waf/pkg/engine/transaction.go:317.18,319.6 1 0
github.com/jptosso/coraza-waf/pkg/engine/transaction.go:324.62,327.2 2 0
github.com/jptosso/coraza-waf/pkg/engine/transaction.go:329.42,337.27 2 0
github.com/jptosso/coraza-waf/pkg/engine/transaction.go:342.5,342.30 1 0
github.com/jptosso/coraza-waf/pkg/engine/transaction.go:337.27,340.6 2 0
github.com/jptosso/coraza-waf/pkg/engine/transaction.go:342.30,345.6 2 0
github.com/jptosso/coraza-waf/pkg/engine/transaction.go:349.38,351.28 1 0
github.com/jptosso/coraza-waf/pkg/engine/transaction.go:351.28,354.6 2 0
github.com/jptosso/coraza-waf/pkg/engine/transaction.go:357.35,388.2 27 0
github.com/jptosso/coraza-waf/pkg/engine/transaction.go:390.44,397.2 4 0
github.com/jptosso/coraza-waf/pkg/engine/transaction.go:399.53,400.31 1 0
github.com/jptosso/coraza-waf/pkg/engine/transaction.go:403.5,405.44 2 0
github.com/jptosso/coraza-waf/pkg/engine/transaction.go:433.5,433.18 1 0
github.com/jptosso/coraza-waf/pkg/engine/transaction.go:441.5,441.15 1 0
github.com/jptosso/coraza-waf/pkg/engine/transaction.go:400.31,402.6 1 0
github.com/jptosso/coraza-waf/pkg/engine/transaction.go:405.44,407.47 1 0
github.com/jptosso/coraza-waf/pkg/engine/transaction.go:429.9,429.24 1 0
github.com/jptosso/coraza-waf/pkg/engine/transaction.go:407.47,408.34 1 0
github.com/jptosso/coraza-waf/pkg/engine/transaction.go:418.13,418.27 1 0
github.com/jptosso/coraza-waf/pkg/engine/transaction.go:425.13,427.24 3 0
github.com/jptosso/coraza-waf/pkg/engine/transaction.go:408.34,409.45 1 0
github.com/jptosso/coraza-waf/pkg/engine/transaction.go:409.45,412.29 1 0
github.com/jptosso/coraza-waf/pkg/engine/transaction.go:413.22,416.18 1 0
github.com/jptosso/coraza-waf/pkg/engine/transaction.go:418.27,422.25 2 0
github.com/jptosso/coraza-waf/pkg/engine/transaction.go:429.24,431.10 1 0
github.com/jptosso/coraza-waf/pkg/engine/transaction.go:433.18,434.23 1 0
github.com/jptosso/coraza-waf/pkg/engine/transaction.go:434.23,435.37 1 0
github.com/jptosso/coraza-waf/pkg/engine/transaction.go:435.38,438.14 0 0
github.com/jptosso/coraza-waf/pkg/engine/transaction.go:445.78,455.2 2 0
github.com/jptosso/coraza-waf/pkg/engine/transaction.go:457.50,459.2 1 0
github.com/jptosso/coraza-waf/pkg/engine/transaction.go:461.48,463.2 1 0
github.com/jptosso/coraza-waf/pkg/engine/transaction.go:465.69,469.2 3 0
github.com/jptosso/coraza-waf/pkg/engine/transaction.go:471.62,474.18 3 0
github.com/jptosso/coraza-waf/pkg/engine/transaction.go:477.5,477.32 1 0
github.com/jptosso/coraza-waf/pkg/engine/transaction.go:474.18,476.6 1 0
github.com/jptosso/coraza-waf/pkg/engine/transaction.go:480.95,483.18 3 0
github.com/jptosso/coraza-waf/pkg/engine/transaction.go:486.5,486.50 1 0
github.com/jptosso/coraza-waf/pkg/engine/transaction.go:483.18,485.6 1 0
github.com/jptosso/coraza-waf/pkg/engine/transaction.go:489.47,493.2 3 0
github.com/jptosso/coraza-waf/pkg/logger/http_logger.go:25.44,29.2 3 0
github.com/jptosso/coraza-waf/pkg/logger/http_logger.go:31.30,34.11 2 0
github.com/jptosso/coraza-waf/pkg/logger/http_logger.go:34.11,35.17 1 0
github.com/jptosso/coraza-waf/pkg/logger/http_logger.go:49.3,49.21 1 0
github.com/jptosso/coraza-waf/pkg/logger/http_logger.go:35.17,37.18 2 0
github.com/jptosso/coraza-waf/pkg/logger/http_logger.go:43.4,44.17 2 0
github.com/jptosso/coraza-waf/pkg/logger/http_logger.go:37.18,39.13 2 0
github.com/jptosso/coraza-waf/pkg/logger/http_logger.go:40.9,42.5 1 0
github.com/jptosso/coraza-waf/pkg/logger/http_logger.go:44.17,47.5 2 0
github.com/jptosso/coraza-waf/pkg/logger/http_logger.go:53.46,56.23 3 0
github.com/jptosso/coraza-waf/pkg/logger/http_logger.go:59.2,62.10 4 0
github.com/jptosso/coraza-waf/pkg/logger/http_logger.go:56.23,58.3 1 0
github.com/jptosso/coraza-waf/pkg/logger/http_logger.go:65.30,66.2 0 0
github.com/jptosso/coraza-waf/pkg/logger/http_logger.go:68.47,72.2 3 0
github.com/jptosso/coraza-waf/pkg/logger/http_logger.go:74.56,79.16 4 0
github.com/jptosso/coraza-waf/pkg/logger/http_logger.go:82.2,86.15 4 0
github.com/jptosso/coraza-waf/pkg/logger/http_logger.go:90.2,90.27 1 0
github.com/jptosso/coraza-waf/pkg/logger/http_logger.go:93.2,93.12 1 0
github.com/jptosso/coraza-waf/pkg/logger/http_logger.go:79.16,81.3 1 0
github.com/jptosso/coraza-waf/pkg/logger/http_logger.go:86.15,88.3 1 0
github.com/jptosso/coraza-waf/pkg/logger/http_logger.go:90.27,92.3 1 0
github.com/jptosso/coraza-waf/pkg/logger/logger.go:20.30,22.15 2 0
github.com/jptosso/coraza-waf/pkg/logger/logger.go:25.2,26.16 2 0
github.com/jptosso/coraza-waf/pkg/logger/logger.go:29.2,29.12 1 0
github.com/jptosso/coraza-waf/pkg/logger/logger.go:22.15,24.3 1 0
github.com/jptosso/coraza-waf/pkg/logger/logger.go:26.16,28.3 1 0
github.com/jptosso/coraza-waf/pkg/logger/logger.go:32.48,34.16 2 0
github.com/jptosso/coraza-waf/pkg/logger/logger.go:37.2,39.12 3 0
github.com/jptosso/coraza-waf/pkg/logger/logger.go:34.16,36.3 1 0
github.com/jptosso/coraza-waf/pkg/logger/logger.go:42.48,44.16 2 0
github.com/jptosso/coraza-waf/pkg/logger/logger.go:47.2,49.12 3 0
github.com/jptosso/coraza-waf/pkg/logger/logger.go:44.16,46.3 1 0
github.com/jptosso/coraza-waf/pkg/logger/logger.go:52.53,69.15 14 0
github.com/jptosso/coraza-waf/pkg/logger/logger.go:73.2,78.15 5 0
github.com/jptosso/coraza-waf/pkg/logger/logger.go:81.2,81.26 1 0
github.com/jptosso/coraza-waf/pkg/logger/logger.go:69.15,71.3 1 0
github.com/jptosso/coraza-waf/pkg/logger/logger.go:78.15,80.3 1 0
github.com/jptosso/coraza-waf/pkg/logger/logger.go:84.55,87.2 0 0
github.com/jptosso/coraza-waf/pkg/logger/logger.go:89.44,92.2 0 0
github.com/jptosso/coraza-waf/pkg/logger/logger.go:94.57,96.2 1 0
github.com/jptosso/coraza-waf/pkg/logger/logger.go:98.56,100.2 1 0
github.com/jptosso/coraza-waf/pkg/logger/logger.go:102.56,104.2 1 0
github.com/jptosso/coraza-waf/pkg/logger/logger.go:106.57,108.2 1 0
github.com/jptosso/coraza-waf/pkg/logger/logger.go:110.57,113.2 2 0
github.com/jptosso/coraza-waf/pkg/logger/logger.go:115.60,117.2 1 0
github.com/jptosso/coraza-waf/pkg/operators/unconditional_match.go:9.48,10.2 0 0
github.com/jptosso/coraza-waf/pkg/operators/unconditional_match.go:12.81,14.2 1 0
github.com/jptosso/coraza-waf/pkg/operators/ends_with.go:12.37,14.2 1 0
github.com/jptosso/coraza-waf/pkg/operators/ends_with.go:16.71,18.2 1 0
github.com/jptosso/coraza-waf/pkg/operators/eq.go:11.31,13.2 1 0
github.com/jptosso/coraza-waf/pkg/operators/eq.go:15.65,17.2 1 0
github.com/jptosso/coraza-waf/pkg/operators/rx.go:16.31,18.2 1 1
github.com/jptosso/coraza-waf/pkg/operators/rx.go:20.65,24.15 4 1
github.com/jptosso/coraza-waf/pkg/operators/rx.go:28.2,29.28 2 1
github.com/jptosso/coraza-waf/pkg/operators/rx.go:39.2,39.14 1 1
github.com/jptosso/coraza-waf/pkg/operators/rx.go:24.15,26.3 1 1
github.com/jptosso/coraza-waf/pkg/operators/rx.go:29.28,30.13 1 1
github.com/jptosso/coraza-waf/pkg/operators/rx.go:34.3,34.30 1 1
github.com/jptosso/coraza-waf/pkg/operators/rx.go:37.3,37.9 1 1
github.com/jptosso/coraza-waf/pkg/operators/rx.go:30.13,32.9 1 0
github.com/jptosso/coraza-waf/pkg/operators/rx.go:34.30,36.4 1 1
github.com/jptosso/coraza-waf/pkg/operators/inspect_file.go:14.40,16.2 1 1
github.com/jptosso/coraza-waf/pkg/operators/inspect_file.go:18.74,25.59 5 1
github.com/jptosso/coraza-waf/pkg/operators/inspect_file.go:28.5,28.16 1 1
github.com/jptosso/coraza-waf/pkg/operators/inspect_file.go:25.59,27.6 1 1
github.com/jptosso/coraza-waf/pkg/operators/ip_match_from_file.go:16.44,18.15 2 0
github.com/jptosso/coraza-waf/pkg/operators/ip_match_from_file.go:22.2,23.23 2 0
github.com/jptosso/coraza-waf/pkg/operators/ip_match_from_file.go:18.15,21.3 2 0
github.com/jptosso/coraza-waf/pkg/operators/ip_match_from_file.go:23.23,25.13 2 0
github.com/jptosso/coraza-waf/pkg/operators/ip_match_from_file.go:28.3,28.31 1 0
github.com/jptosso/coraza-waf/pkg/operators/ip_match_from_file.go:31.3,32.16 2 0
github.com/jptosso/coraza-waf/pkg/operators/ip_match_from_file.go:36.3,36.38 1 0
github.com/jptosso/coraza-waf/pkg/operators/ip_match_from_file.go:25.13,26.12 1 0
github.com/jptosso/coraza-waf/pkg/operators/ip_match_from_file.go:28.31,30.4 1 0
github.com/jptosso/coraza-waf/pkg/operators/ip_match_from_file.go:32.16,34.12 2 0
github.com/jptosso/coraza-waf/pkg/operators/ip_match_from_file.go:40.78,42.28 2 0
github.com/jptosso/coraza-waf/pkg/operators/ip_match_from_file.go:47.2,47.14 1 0
github.com/jptosso/coraza-waf/pkg/operators/ip_match_from_file.go:42.28,43.20 1 0
github.com/jptosso/coraza-waf/pkg/operators/ip_match_from_file.go:43.20,45.4 1 0
github.com/jptosso/coraza-waf/pkg/operators/rbl.go:13.32,15.2 1 0
github.com/jptosso/coraza-waf/pkg/operators/rbl.go:19.66,24.18 4 0
github.com/jptosso/coraza-waf/pkg/operators/rbl.go:32.2,32.15 1 0
github.com/jptosso/coraza-waf/pkg/operators/rbl.go:36.2,36.16 1 0
github.com/jptosso/coraza-waf/pkg/operators/rbl.go:39.2,39.14 1 0
github.com/jptosso/coraza-waf/pkg/operators/rbl.go:24.18,26.19 2 0
github.com/jptosso/coraza-waf/pkg/operators/rbl.go:30.3,30.14 1 0
github.com/jptosso/coraza-waf/pkg/operators/rbl.go:26.20,28.4 0 0
github.com/jptosso/coraza-waf/pkg/operators/rbl.go:32.15,35.3 1 0
github.com/jptosso/coraza-waf/pkg/operators/rbl.go:36.17,38.3 0 0
github.com/jptosso/coraza-waf/pkg/operators/validate_utf8_encoding.go:10.50,11.2 0 0
github.com/jptosso/coraza-waf/pkg/operators/validate_utf8_encoding.go:13.83,15.2 1 0
github.com/jptosso/coraza-waf/pkg/operators/ip_match.go:14.36,17.28 3 1
github.com/jptosso/coraza-waf/pkg/operators/ip_match.go:17.28,19.14 2 1
github.com/jptosso/coraza-waf/pkg/operators/ip_match.go:22.3,22.32 1 1
github.com/jptosso/coraza-waf/pkg/operators/ip_match.go:25.3,26.16 2 1
github.com/jptosso/coraza-waf/pkg/operators/ip_match.go:30.3,30.40 1 1
github.com/jptosso/coraza-waf/pkg/operators/ip_match.go:19.14,20.12 1 0
github.com/jptosso/coraza-waf/pkg/operators/ip_match.go:22.32,24.4 1 1
github.com/jptosso/coraza-waf/pkg/operators/ip_match.go:26.16,28.12 2 0
github.com/jptosso/coraza-waf/pkg/operators/ip_match.go:34.70,36.34 2 1
github.com/jptosso/coraza-waf/pkg/operators/ip_match.go:41.5,41.17 1 1
github.com/jptosso/coraza-waf/pkg/operators/ip_match.go:36.34,37.25 1 1
github.com/jptosso/coraza-waf/pkg/operators/ip_match.go:37.25,39.4 1 1
github.com/jptosso/coraza-waf/pkg/operators/operators.go:5.48,32.2 1 0
github.com/jptosso/coraza-waf/pkg/operators/validate_byte_range.go:15.46,19.24 4 1
github.com/jptosso/coraza-waf/pkg/operators/validate_byte_range.go:35.2,37.33 2 1
github.com/jptosso/coraza-waf/pkg/operators/validate_byte_range.go:19.24,23.31 4 1
github.com/jptosso/coraza-waf/pkg/operators/validate_byte_range.go:31.3,33.62 3 1
github.com/jptosso/coraza-waf/pkg/operators/validate_byte_range.go:23.31,27.4 3 1
github.com/jptosso/coraza-waf/pkg/operators/validate_byte_range.go:27.8,30.4 2 0
github.com/jptosso/coraza-waf/pkg/operators/validate_byte_range.go:40.79,45.2 2 1
github.com/jptosso/coraza-waf/pkg/operators/ge.go:13.31,16.2 2 1
github.com/jptosso/coraza-waf/pkg/operators/ge.go:18.65,20.16 2 1
github.com/jptosso/coraza-waf/pkg/operators/ge.go:23.2,23.20 1 1
github.com/jptosso/coraza-waf/pkg/operators/ge.go:20.16,22.3 1 0
github.com/jptosso/coraza-waf/pkg/operators/geo_lookup.go:13.39,15.2 0 0
github.com/jptosso/coraza-waf/pkg/operators/geo_lookup.go:17.72,18.32 1 0
github.com/jptosso/coraza-waf/pkg/operators/geo_lookup.go:21.2,23.15 3 0
github.com/jptosso/coraza-waf/pkg/operators/geo_lookup.go:26.2,29.13 4 0
github.com/jptosso/coraza-waf/pkg/operators/geo_lookup.go:18.32,20.3 1 0
github.com/jptosso/coraza-waf/pkg/operators/geo_lookup.go:23.15,25.3 1 0
github.com/jptosso/coraza-waf/pkg/operators/lt.go:12.31,15.2 2 0
github.com/jptosso/coraza-waf/pkg/operators/lt.go:17.65,19.16 2 0
github.com/jptosso/coraza-waf/pkg/operators/lt.go:23.2,23.19 1 0
github.com/jptosso/coraza-waf/pkg/operators/lt.go:19.16,22.3 1 0
github.com/jptosso/coraza-waf/pkg/operators/validate_url_encoding.go:10.49,12.2 0 0
github.com/jptosso/coraza-waf/pkg/operators/validate_url_encoding.go:14.82,17.24 2 0
github.com/jptosso/coraza-waf/pkg/operators/validate_url_encoding.go:21.5,22.17 2 0
github.com/jptosso/coraza-waf/pkg/operators/validate_url_encoding.go:42.5,42.15 1 0
github.com/jptosso/coraza-waf/pkg/operators/validate_url_encoding.go:17.24,19.6 1 0
github.com/jptosso/coraza-waf/pkg/operators/validate_url_encoding.go:23.17,26.18 2 0
github.com/jptosso/coraza-waf/pkg/operators/validate_url_encoding.go:27.18,30.18 2 0
github.com/jptosso/coraza-waf/pkg/operators/validate_url_encoding.go:31.18,34.18 2 0
github.com/jptosso/coraza-waf/pkg/operators/validate_url_encoding.go:35.18,35.18 0 0
github.com/jptosso/coraza-waf/pkg/operators/validate_url_encoding.go:36.18,39.18 2 0
github.com/jptosso/coraza-waf/pkg/operators/validate_url_encoding.go:45.44,49.26 3 0
github.com/jptosso/coraza-waf/pkg/operators/validate_url_encoding.go:53.5,53.26 1 0
github.com/jptosso/coraza-waf/pkg/operators/validate_url_encoding.go:76.5,76.13 1 0
github.com/jptosso/coraza-waf/pkg/operators/validate_url_encoding.go:49.26,51.6 1 0
github.com/jptosso/coraza-waf/pkg/operators/validate_url_encoding.go:53.26,54.30 1 0
github.com/jptosso/coraza-waf/pkg/operators/validate_url_encoding.go:54.30,55.38 1 0
github.com/jptosso/coraza-waf/pkg/operators/validate_url_encoding.go:55.38,58.14 1 0
github.com/jptosso/coraza-waf/pkg/operators/validate_url_encoding.go:58.19,65.213 3 0
github.com/jptosso/coraza-waf/pkg/operators/validate_url_encoding.go:65.213,67.18 1 0
github.com/jptosso/coraza-waf/pkg/operators/validate_url_encoding.go:67.23,70.18 1 0
github.com/jptosso/coraza-waf/pkg/operators/validate_url_encoding.go:72.15,74.10 1 0
github.com/jptosso/coraza-waf/pkg/operators/detect_sqli.go:10.40,11.2 0 0
github.com/jptosso/coraza-waf/pkg/operators/detect_sqli.go:13.73,16.2 2 0
github.com/jptosso/coraza-waf/pkg/operators/streq.go:10.34,12.2 1 0
github.com/jptosso/coraza-waf/pkg/operators/streq.go:14.68,16.2 1 0
github.com/jptosso/coraza-waf/pkg/operators/within.go:12.35,15.21 2 1
github.com/jptosso/coraza-waf/pkg/operators/within.go:18.2,18.21 1 1
github.com/jptosso/coraza-waf/pkg/operators/within.go:15.21,17.3 1 1
github.com/jptosso/coraza-waf/pkg/operators/within.go:18.21,20.3 1 0
github.com/jptosso/coraza-waf/pkg/operators/within.go:23.69,25.21 2 1
github.com/jptosso/coraza-waf/pkg/operators/within.go:30.2,30.24 1 1
github.com/jptosso/coraza-waf/pkg/operators/within.go:35.2,35.14 1 1
github.com/jptosso/coraza-waf/pkg/operators/within.go:25.21,29.3 3 0
github.com/jptosso/coraza-waf/pkg/operators/within.go:30.24,31.16 1 1
github.com/jptosso/coraza-waf/pkg/operators/within.go:31.16,33.4 1 1
github.com/jptosso/coraza-waf/pkg/operators/gt.go:12.31,14.2 1 1
github.com/jptosso/coraza-waf/pkg/operators/gt.go:16.65,18.16 2 1
github.com/jptosso/coraza-waf/pkg/operators/gt.go:21.2,23.15 3 1
github.com/jptosso/coraza-waf/pkg/operators/gt.go:26.2,26.14 1 1
github.com/jptosso/coraza-waf/pkg/operators/gt.go:18.16,20.3 1 0
github.com/jptosso/coraza-waf/pkg/operators/gt.go:23.15,25.3 1 0
github.com/jptosso/coraza-waf/pkg/operators/le.go:13.31,16.2 2 0
github.com/jptosso/coraza-waf/pkg/operators/le.go:18.65,20.16 2 0
github.com/jptosso/coraza-waf/pkg/operators/le.go:24.2,24.20 1 0
github.com/jptosso/coraza-waf/pkg/operators/le.go:20.16,23.3 1 0
github.com/jptosso/coraza-waf/pkg/operators/no_match.go:3.43,5.2 1 0
github.com/jptosso/coraza-waf/pkg/operators/contains.go:12.37,14.2 1 1
github.com/jptosso/coraza-waf/pkg/operators/contains.go:16.71,18.2 1 1
github.com/jptosso/coraza-waf/pkg/operators/pm.go:12.31,15.2 1 0
github.com/jptosso/coraza-waf/pkg/operators/pm.go:17.65,25.2 3 0
github.com/jptosso/coraza-waf/pkg/operators/pm.go:27.30,29.2 1 0
github.com/jptosso/coraza-waf/pkg/operators/pm_from_file.go:17.39,22.18 5 0
github.com/jptosso/coraza-waf/pkg/operators/pm_from_file.go:26.5,27.26 2 0
github.com/jptosso/coraza-waf/pkg/operators/pm_from_file.go:22.18,25.6 2 0
github.com/jptosso/coraza-waf/pkg/operators/pm_from_file.go:27.26,28.20 1 0
github.com/jptosso/coraza-waf/pkg/operators/pm_from_file.go:31.6,31.20 1 0
github.com/jptosso/coraza-waf/pkg/operators/pm_from_file.go:28.20,29.15 1 0
github.com/jptosso/coraza-waf/pkg/operators/pm_from_file.go:31.20,33.7 1 0
github.com/jptosso/coraza-waf/pkg/operators/pm_from_file.go:37.73,47.2 5 0
github.com/jptosso/coraza-waf/pkg/operators/pm_from_file.go:49.38,51.2 1 0
github.com/jptosso/coraza-waf/pkg/operators/begins_with.go:13.39,16.2 2 1
github.com/jptosso/coraza-waf/pkg/operators/begins_with.go:18.73,19.24 1 1
github.com/jptosso/coraza-waf/pkg/operators/begins_with.go:22.2,22.34 1 1
github.com/jptosso/coraza-waf/pkg/operators/begins_with.go:19.24,21.3 1 0
github.com/jptosso/coraza-waf/pkg/operators/detect_xss.go:10.39,11.2 0 0
github.com/jptosso/coraza-waf/pkg/operators/detect_xss.go:13.72,15.2 1 0
github.com/jptosso/coraza-waf/pkg/operators/fuzzy_hash.go:11.38,13.2 1 0
github.com/jptosso/coraza-waf/pkg/operators/fuzzy_hash.go:15.72,17.2 1 0
github.com/jptosso/coraza-waf/pkg/parser/parser.go:27.40,29.2 1 1
github.com/jptosso/coraza-waf/pkg/parser/parser.go:32.52,35.19 2 0
github.com/jptosso/coraza-waf/pkg/parser/parser.go:38.5,41.18 3 0
github.com/jptosso/coraza-waf/pkg/parser/parser.go:45.2,45.12 1 0
github.com/jptosso/coraza-waf/pkg/parser/parser.go:35.19,37.6 1 0
github.com/jptosso/coraza-waf/pkg/parser/parser.go:41.18,43.6 1 0
github.com/jptosso/coraza-waf/pkg/parser/parser.go:48.58,50.24 2 0
github.com/jptosso/coraza-waf/pkg/parser/parser.go:65.5,65.15 1 0
github.com/jptosso/coraza-waf/pkg/parser/parser.go:50.24,55.19 4 0
github.com/jptosso/coraza-waf/pkg/parser/parser.go:55.19,57.23 2 0
github.com/jptosso/coraza-waf/pkg/parser/parser.go:60.10,60.25 1 0
github.com/jptosso/coraza-waf/pkg/parser/parser.go:57.23,59.11 1 0
github.com/jptosso/coraza-waf/pkg/parser/parser.go:61.14,63.10 1 0
github.com/jptosso/coraza-waf/pkg/parser/parser.go:68.45,70.33 1 1
github.com/jptosso/coraza-waf/pkg/parser/parser.go:74.2,75.18 2 1
github.com/jptosso/coraza-waf/pkg/parser/parser.go:78.2,83.19 3 1
github.com/jptosso/coraza-waf/pkg/parser/parser.go:346.2,346.12 1 1
github.com/jptosso/coraza-waf/pkg/parser/parser.go:70.33,72.3 1 0
github.com/jptosso/coraza-waf/pkg/parser/parser.go:75.18,77.3 1 0
github.com/jptosso/coraza-waf/pkg/parser/parser.go:85.21,87.8 2 0
github.com/jptosso/coraza-waf/pkg/parser/parser.go:88.22,90.8 2 0
github.com/jptosso/coraza-waf/pkg/parser/parser.go:91.28,93.8 2 0
github.com/jptosso/coraza-waf/pkg/parser/parser.go:94.29,96.8 2 0
github.com/jptosso/coraza-waf/pkg/parser/parser.go:97.26,100.24 3 0
github.com/jptosso/coraza-waf/pkg/parser/parser.go:108.3,108.8 1 0
github.com/jptosso/coraza-waf/pkg/parser/parser.go:109.35,111.8 2 0
github.com/jptosso/coraza-waf/pkg/parser/parser.go:112.31,115.8 2 0
github.com/jptosso/coraza-waf/pkg/parser/parser.go:116.25,117.14 1 0
github.com/jptosso/coraza-waf/pkg/parser/parser.go:125.3,125.8 1 0
github.com/jptosso/coraza-waf/pkg/parser/parser.go:126.30,128.8 2 0
github.com/jptosso/coraza-waf/pkg/parser/parser.go:129.23,130.14 1 0
github.com/jptosso/coraza-waf/pkg/parser/parser.go:141.3,141.8 1 0
github.com/jptosso/coraza-waf/pkg/parser/parser.go:142.29,144.8 2 0
github.com/jptosso/coraza-waf/pkg/parser/parser.go:145.21,147.8 2 0
github.com/jptosso/coraza-waf/pkg/parser/parser.go:148.26,150.8 2 0
github.com/jptosso/coraza-waf/pkg/parser/parser.go:151.23,153.8 2 0
github.com/jptosso/coraza-waf/pkg/parser/parser.go:154.20,156.8 2 0
github.com/jptosso/coraza-waf/pkg/parser/parser.go:157.22,159.8 1 0
github.com/jptosso/coraza-waf/pkg/parser/parser.go:160.25,162.8 1 0
github.com/jptosso/coraza-waf/pkg/parser/parser.go:163.25,165.8 1 0
github.com/jptosso/coraza-waf/pkg/parser/parser.go:166.24,168.8 2 0
github.com/jptosso/coraza-waf/pkg/parser/parser.go:169.24,171.8 1 0
github.com/jptosso/coraza-waf/pkg/parser/parser.go:172.24,174.8 1 0
github.com/jptosso/coraza-waf/pkg/parser/parser.go:175.22,177.8 2 0
github.com/jptosso/coraza-waf/pkg/parser/parser.go:178.29,180.8 2 0
github.com/jptosso/coraza-waf/pkg/parser/parser.go:181.27,183.8 2 0
github.com/jptosso/coraza-waf/pkg/parser/parser.go:184.36,187.8 2 0
github.com/jptosso/coraza-waf/pkg/parser/parser.go:188.31,190.8 2 0
github.com/jptosso/coraza-waf/pkg/parser/parser.go:191.21,193.8 2 0
github.com/jptosso/coraza-waf/pkg/parser/parser.go:194.32,196.8 2 0
github.com/jptosso/coraza-waf/pkg/parser/parser.go:197.24,207.17 8 0
github.com/jptosso/coraza-waf/pkg/parser/parser.go:215.3,218.8 4 0
github.com/jptosso/coraza-waf/pkg/parser/parser.go:219.34,221.8 2 0
github.com/jptosso/coraza-waf/pkg/parser/parser.go:222.37,224.8 2 0
github.com/jptosso/coraza-waf/pkg/parser/parser.go:225.35,227.8 2 0
github.com/jptosso/coraza-waf/pkg/parser/parser.go:228.30,230.8 2 0
github.com/jptosso/coraza-waf/pkg/parser/parser.go:231.36,233.8 2 0
github.com/jptosso/coraza-waf/pkg/parser/parser.go:234.33,236.8 2 0
github.com/jptosso/coraza-waf/pkg/parser/parser.go:237.39,239.8 2 0
github.com/jptosso/coraza-waf/pkg/parser/parser.go:240.28,242.8 2 0
github.com/jptosso/coraza-waf/pkg/parser/parser.go:243.25,245.8 2 0
github.com/jptosso/coraza-waf/pkg/parser/parser.go:246.27,249.8 3 0
github.com/jptosso/coraza-waf/pkg/parser/parser.go:250.28,251.47 1 0
github.com/jptosso/coraza-waf/pkg/parser/parser.go:254.3,254.8 1 0
github.com/jptosso/coraza-waf/pkg/parser/parser.go:255.28,256.47 1 0
github.com/jptosso/coraza-waf/pkg/parser/parser.go:259.3,259.8 1 0
github.com/jptosso/coraza-waf/pkg/parser/parser.go:260.23,262.8 2 0
github.com/jptosso/coraza-waf/pkg/parser/parser.go:263.33,266.8 2 0
github.com/jptosso/coraza-waf/pkg/parser/parser.go:267.33,272.8 5 0
github.com/jptosso/coraza-waf/pkg/parser/parser.go:273.34,281.8 2 0
github.com/jptosso/coraza-waf/pkg/parser/parser.go:282.34,288.8 1 0
github.com/jptosso/coraza-waf/pkg/parser/parser.go:289.28,291.8 2 0
github.com/jptosso/coraza-waf/pkg/parser/parser.go:292.36,294.8 2 0
github.com/jptosso/coraza-waf/pkg/parser/parser.go:295.19,297.8 2 0
github.com/jptosso/coraza-waf/pkg/parser/parser.go:298.22,300.8 2 0
github.com/jptosso/coraza-waf/pkg/parser/parser.go:301.28,303.8 2 0
github.com/jptosso/coraza-waf/pkg/parser/parser.go:304.27,306.8 2 0
github.com/jptosso/coraza-waf/pkg/parser/parser.go:307.28,308.8 1 0
github.com/jptosso/coraza-waf/pkg/parser/parser.go:309.21,311.8 2 0
github.com/jptosso/coraza-waf/pkg/parser/parser.go:312.30,313.8 1 0
github.com/jptosso/coraza-waf/pkg/parser/parser.go:314.23,315.36 1 0
github.com/jptosso/coraza-waf/pkg/parser/parser.go:316.30,317.43 1 0
github.com/jptosso/coraza-waf/pkg/parser/parser.go:318.29,320.16 2 0
github.com/jptosso/coraza-waf/pkg/parser/parser.go:324.3,324.33 1 0
github.com/jptosso/coraza-waf/pkg/parser/parser.go:325.31,326.44 1 0
github.com/jptosso/coraza-waf/pkg/parser/parser.go:327.17,328.20 1 1
github.com/jptosso/coraza-waf/pkg/parser/parser.go:329.19,330.54 1 0
github.com/jptosso/coraza-waf/pkg/parser/parser.go:331.19,335.21 3 0
github.com/jptosso/coraza-waf/pkg/parser/parser.go:338.3,340.28 3 0
github.com/jptosso/coraza-waf/pkg/parser/parser.go:341.31,342.34 1 0
github.com/jptosso/coraza-waf/pkg/parser/parser.go:343.10,344.58 1 0
github.com/jptosso/coraza-waf/pkg/parser/parser.go:100.24,102.24 2 0
github.com/jptosso/coraza-waf/pkg/parser/parser.go:106.4,106.63 1 0
github.com/jptosso/coraza-waf/pkg/parser/parser.go:102.24,104.13 2 0
github.com/jptosso/coraza-waf/pkg/parser/parser.go:118.21,120.9 2 0
github.com/jptosso/coraza-waf/pkg/parser/parser.go:121.16,123.9 2 0
github.com/jptosso/coraza-waf/pkg/parser/parser.go:131.13,133.9 2 0
github.com/jptosso/coraza-waf/pkg/parser/parser.go:134.14,136.9 2 0
github.com/jptosso/coraza-waf/pkg/parser/parser.go:137.21,139.9 2 0
github.com/jptosso/coraza-waf/pkg/parser/parser.go:207.17,208.35 1 0
github.com/jptosso/coraza-waf/pkg/parser/parser.go:213.4,213.14 1 0
github.com/jptosso/coraza-waf/pkg/parser/parser.go:208.35,212.5 3 0
github.com/jptosso/coraza-waf/pkg/parser/parser.go:251.47,253.4 1 0
github.com/jptosso/coraza-waf/pkg/parser/parser.go:256.47,258.4 1 0
github.com/jptosso/coraza-waf/pkg/parser/parser.go:320.16,323.4 2 0
github.com/jptosso/coraza-waf/pkg/parser/parser.go:335.21,337.4 1 0
github.com/jptosso/coraza-waf/pkg/parser/parser.go:349.62,366.21 12 1
github.com/jptosso/coraza-waf/pkg/parser/parser.go:371.2,371.16 1 1
github.com/jptosso/coraza-waf/pkg/parser/parser.go:385.2,385.18 1 1
github.com/jptosso/coraza-waf/pkg/parser/parser.go:388.2,388.18 1 1
github.com/jptosso/coraza-waf/pkg/parser/parser.go:366.21,369.3 2 1
github.com/jptosso/coraza-waf/pkg/parser/parser.go:371.16,377.29 5 0
github.com/jptosso/coraza-waf/pkg/parser/parser.go:381.3,381.25 1 0
github.com/jptosso/coraza-waf/pkg/parser/parser.go:377.29,379.4 1 0
github.com/jptosso/coraza-waf/pkg/parser/parser.go:382.7,384.3 1 1
github.com/jptosso/coraza-waf/pkg/parser/parser.go:385.18,387.3 1 0
github.com/jptosso/coraza-waf/pkg/parser/parser.go:391.68,397.31 4 1
github.com/jptosso/coraza-waf/pkg/parser/parser.go:397.31,404.21 6 1
github.com/jptosso/coraza-waf/pkg/parser/parser.go:408.3,408.21 1 1
github.com/jptosso/coraza-waf/pkg/parser/parser.go:419.3,422.14 3 1
github.com/jptosso/coraza-waf/pkg/parser/parser.go:428.6,429.26 2 1
github.com/jptosso/coraza-waf/pkg/parser/parser.go:404.21,407.4 2 0
github.com/jptosso/coraza-waf/pkg/parser/parser.go:408.21,411.4 2 0
github.com/jptosso/coraza-waf/pkg/parser/parser.go:422.14,424.4 1 0
github.com/jptosso/coraza-waf/pkg/parser/parser.go:424.8,426.4 1 1
github.com/jptosso/coraza-waf/pkg/parser/parser.go:429.26,430.12 1 1
github.com/jptosso/coraza-waf/pkg/parser/parser.go:436.71,439.45 1 1
github.com/jptosso/coraza-waf/pkg/parser/parser.go:443.2,448.18 5 1
github.com/jptosso/coraza-waf/pkg/parser/parser.go:453.2,453.18 1 1
github.com/jptosso/coraza-waf/pkg/parser/parser.go:461.2,462.23 2 1
github.com/jptosso/coraza-waf/pkg/parser/parser.go:465.2,465.34 1 1
github.com/jptosso/coraza-waf/pkg/parser/parser.go:439.45,442.3 1 0
github.com/jptosso/coraza-waf/pkg/parser/parser.go:448.18,452.3 2 0
github.com/jptosso/coraza-waf/pkg/parser/parser.go:453.18,456.20 2 1
github.com/jptosso/coraza-waf/pkg/parser/parser.go:456.20,458.4 1 1
github.com/jptosso/coraza-waf/pkg/parser/parser.go:462.23,464.3 1 0
github.com/jptosso/coraza-waf/pkg/parser/parser.go:465.34,467.3 1 0
github.com/jptosso/coraza-waf/pkg/parser/parser.go:467.7,469.3 1 1
github.com/jptosso/coraza-waf/pkg/parser/parser.go:472.74,481.31 7 1
github.com/jptosso/coraza-waf/pkg/parser/parser.go:503.2,503.12 1 1
github.com/jptosso/coraza-waf/pkg/parser/parser.go:481.31,487.19 6 1
github.com/jptosso/coraza-waf/pkg/parser/parser.go:490.3,490.28 1 1
github.com/jptosso/coraza-waf/pkg/parser/parser.go:498.6,499.26 2 1
github.com/jptosso/coraza-waf/pkg/parser/parser.go:487.19,489.4 1 1
github.com/jptosso/coraza-waf/pkg/parser/parser.go:490.28,493.4 1 0
github.com/jptosso/coraza-waf/pkg/parser/parser.go:493.8,497.4 3 1
github.com/jptosso/coraza-waf/pkg/parser/parser.go:499.26,500.12 1 1
